build/intermediates/manifest_merge_blame_file/debug/manifest-merger-blame-debug-report.txt
1<?xml version="1.0" encoding="utf-8"?>
2<manifest xmlns:android="http://schemas.android.com/apk/res/android"
3    package="com.example.myapp"
4    android:versionCode="1"
5    android:versionName="1.0" >
6
7    <uses-sdk
8        android:minSdkVersion="26"
8-->src/main/AndroidManifest.xml
9        android:targetSdkVersion="32" />
9-->src/main/AndroidManifest.xml
10
11    <uses-permission android:name="android.permission.ACCESS_COARSE_LOCATION" />
11-->src/main/AndroidManifest.xml:6:5-81
11-->src/main/AndroidManifest.xml:6:22-78
12    <uses-permission android:name="android.permission.ACCESS_FINE_LOCATION" />
12-->src/main/AndroidManifest.xml:7:5-79
12-->src/main/AndroidManifest.xml:7:22-76
13    <uses-permission android:name="android.permission.ACCESS_BACKGROUND_LOCATION" />
13-->src/main/AndroidManifest.xml:8:5-85
13-->src/main/AndroidManifest.xml:8:22-82
14
15    <!-- Include required permissions for Google Maps API to run. -->
16    <uses-permission android:name="android.permission.ACCESS_NETWORK_STATE" />
16-->[com.google.android.gms:play-services-maps:18.0.2] AndroidManifest.xml:23:5-79
16-->[com.google.android.gms:play-services-maps:18.0.2] AndroidManifest.xml:23:22-76
17    <uses-permission android:name="android.permission.INTERNET" />
17-->[com.google.android.gms:play-services-maps:18.0.2] AndroidManifest.xml:24:5-67
17-->[com.google.android.gms:play-services-maps:18.0.2] AndroidManifest.xml:24:22-64
18
19    <uses-feature
19-->[com.google.android.gms:play-services-maps:18.0.2] AndroidManifest.xml:26:5-28:35
20        android:glEsVersion="0x00020000"
20-->[com.google.android.gms:play-services-maps:18.0.2] AndroidManifest.xml:27:9-41
21        android:required="true" />
21-->[com.google.android.gms:play-services-maps:18.0.2] AndroidManifest.xml:28:9-32
22
23    <queries>
23-->[com.google.android.gms:play-services-maps:18.0.2] AndroidManifest.xml:30:5-34:15
24
25        <!-- Needs to be explicitly declared on Android R+ -->
26        <package android:name="com.google.android.apps.maps" />
26-->[com.google.android.gms:play-services-maps:18.0.2] AndroidManifest.xml:33:9-64
26-->[com.google.android.gms:play-services-maps:18.0.2] AndroidManifest.xml:33:18-61
27    </queries>
28
29    <application
29-->src/main/AndroidManifest.xml:9:5-68:19
30        android:allowBackup="true"
30-->src/main/AndroidManifest.xml:10:9-35
31        android:appComponentFactory="androidx.core.app.CoreComponentFactory"
31-->[androidx.core:core:1.8.0] AndroidManifest.xml:24:18-86
32        android:dataExtractionRules="@xml/data_extraction_rules"
32-->src/main/AndroidManifest.xml:11:9-65
33        android:debuggable="true"
34        android:extractNativeLibs="false"
35        android:fullBackupContent="@xml/backup_rules"
35-->src/main/AndroidManifest.xml:12:9-54
36        android:icon="@mipmap/ic_launcher"
36-->src/main/AndroidManifest.xml:13:9-43
37        android:label="@string/app_name"
37-->src/main/AndroidManifest.xml:14:9-41
38        android:roundIcon="@mipmap/ic_launcher_round"
38-->src/main/AndroidManifest.xml:15:9-54
39        android:supportsRtl="true"
39-->src/main/AndroidManifest.xml:16:9-35
40        android:testOnly="true"
41        android:theme="@style/Theme.Abc" >
41-->src/main/AndroidManifest.xml:17:9-41
42        <activity
42-->src/main/AndroidManifest.xml:19:9-21:40
43            android:name="com.example.abc.JoinASearchActivity"
43-->src/main/AndroidManifest.xml:20:13-48
44            android:exported="false" />
44-->src/main/AndroidManifest.xml:21:13-37
45        <!--
46             TODO: Before you run your application, you need a Google Maps API key.
47
48             To get one, follow the directions here:
49
50                https://developers.google.com/maps/documentation/android-sdk/get-api-key
51
52             Once you have your API key (it starts with "AIza"), define a new property in your
53             project's local.properties file (e.g. MAPS_API_KEY=Aiza...), and replace the
54             "YOUR_API_KEY" string in this file with "${MAPS_API_KEY}".
55        -->
56        <meta-data
57            android:name="com.google.android.geo.API_KEY"
57-->src/main/AndroidManifest.xml:34:13-58
58            android:value="AIzaSyC9BMjuA0hXHQjx_HFmQaBnoE_F9EljneI" />
58-->src/main/AndroidManifest.xml:35:13-44
59
60        <activity
60-->src/main/AndroidManifest.xml:37:9-40:61
61            android:name="com.example.abc.searchActivity"
61-->src/main/AndroidManifest.xml:38:13-43
62            android:exported="false"
62-->src/main/AndroidManifest.xml:39:13-37
63            android:label="@string/title_activity_search" />
63-->src/main/AndroidManifest.xml:40:13-58
64        <activity
64-->src/main/AndroidManifest.xml:41:9-43:40
65            android:name="com.example.abc.MakeASearchActivity"
65-->src/main/AndroidManifest.xml:42:13-48
66            android:exported="false" />
66-->src/main/AndroidManifest.xml:43:13-37
67        <activity
67-->src/main/AndroidManifest.xml:44:9-52:20
68            android:name="com.example.abc.MainActivity"
68-->src/main/AndroidManifest.xml:45:13-41
69            android:exported="true" >
69-->src/main/AndroidManifest.xml:46:13-36
70            <intent-filter>
70-->src/main/AndroidManifest.xml:47:13-51:29
71                <action android:name="android.intent.action.MAIN" />
71-->src/main/AndroidManifest.xml:48:17-69
71-->src/main/AndroidManifest.xml:48:25-66
72
73                <category android:name="android.intent.category.LAUNCHER" />
73-->src/main/AndroidManifest.xml:50:17-77
73-->src/main/AndroidManifest.xml:50:27-74
74            </intent-filter>
75        </activity>
76
77        <meta-data
77-->src/main/AndroidManifest.xml:54:9-56:57
78            android:name="preloaded_fonts"
78-->src/main/AndroidManifest.xml:55:13-43
79            android:resource="@array/preloaded_fonts" />
79-->src/main/AndroidManifest.xml:56:13-54
80
81        <activity
81-->src/main/AndroidManifest.xml:58:9-67:20
82            android:name="com.example.abc.MapsActivity"
82-->src/main/AndroidManifest.xml:59:13-41
83            android:exported="true"
83-->src/main/AndroidManifest.xml:60:13-36
84            android:label="@string/title_activity_maps" >
84-->src/main/AndroidManifest.xml:61:13-56
85            <intent-filter>
85-->src/main/AndroidManifest.xml:47:13-51:29
86                <action android:name="android.intent.action.MAIN" />
86-->src/main/AndroidManifest.xml:48:17-69
86-->src/main/AndroidManifest.xml:48:25-66
87
88                <category android:name="android.intent.category.LAUNCHER" />
88-->src/main/AndroidManifest.xml:50:17-77
88-->src/main/AndroidManifest.xml:50:27-74
89            </intent-filter>
90        </activity>
91        <!-- Needs to be explicitly declared on P+ -->
92        <uses-library
92-->[com.google.android.gms:play-services-maps:18.0.2] AndroidManifest.xml:39:9-41:40
93            android:name="org.apache.http.legacy"
93-->[com.google.android.gms:play-services-maps:18.0.2] AndroidManifest.xml:40:13-50
94            android:required="false" />
94-->[com.google.android.gms:play-services-maps:18.0.2] AndroidManifest.xml:41:13-37
95
96        <provider
96-->[androidx.emoji2:emoji2:1.0.0] AndroidManifest.xml:26:9-34:20
97            android:name="androidx.startup.InitializationProvider"
97-->[androidx.emoji2:emoji2:1.0.0] AndroidManifest.xml:27:13-67
98            android:authorities="com.example.myapp.androidx-startup"
98-->[androidx.emoji2:emoji2:1.0.0] AndroidManifest.xml:28:13-68
99            android:exported="false" >
99-->[androidx.emoji2:emoji2:1.0.0] AndroidManifest.xml:29:13-37
100            <meta-data
100-->[androidx.emoji2:emoji2:1.0.0] AndroidManifest.xml:31:13-33:52
101                android:name="androidx.emoji2.text.EmojiCompatInitializer"
101-->[androidx.emoji2:emoji2:1.0.0] AndroidManifest.xml:32:17-75
102                android:value="androidx.startup" />
102-->[androidx.emoji2:emoji2:1.0.0] AndroidManifest.xml:33:17-49
103            <meta-data
103-->[androidx.lifecycle:lifecycle-process:2.4.0] AndroidManifest.xml:31:13-33:52
104                android:name="androidx.lifecycle.ProcessLifecycleInitializer"
104-->[androidx.lifecycle:lifecycle-process:2.4.0] AndroidManifest.xml:32:17-78
105                android:value="androidx.startup" />
105-->[androidx.lifecycle:lifecycle-process:2.4.0] AndroidManifest.xml:33:17-49
106        </provider>
107
108        <activity
108-->[com.google.android.gms:play-services-base:18.0.1] AndroidManifest.xml:20:9-22:45
109            android:name="com.google.android.gms.common.api.GoogleApiActivity"
109-->[com.google.android.gms:play-services-base:18.0.1] AndroidManifest.xml:20:19-85
110            android:exported="false"
110-->[com.google.android.gms:play-services-base:18.0.1] AndroidManifest.xml:22:19-43
111            android:theme="@android:style/Theme.Translucent.NoTitleBar" />
111-->[com.google.android.gms:play-services-base:18.0.1] AndroidManifest.xml:21:19-78
112
113        <meta-data
113-->[com.google.android.gms:play-services-basement:18.0.0] AndroidManifest.xml:21:9-23:69
114            android:name="com.google.android.gms.version"
114-->[com.google.android.gms:play-services-basement:18.0.0] AndroidManifest.xml:22:13-58
115            android:value="@integer/google_play_services_version" />
115-->[com.google.android.gms:play-services-basement:18.0.0] AndroidManifest.xml:23:13-66
116
117        <uses-library
117-->[androidx.window:window:1.0.0] AndroidManifest.xml:25:9-27:40
118            android:name="androidx.window.extensions"
118-->[androidx.window:window:1.0.0] AndroidManifest.xml:26:13-54
119            android:required="false" />
119-->[androidx.window:window:1.0.0] AndroidManifest.xml:27:13-37
120        <uses-library
120-->[androidx.window:window:1.0.0] AndroidManifest.xml:28:9-30:40
121            android:name="androidx.window.sidecar"
121-->[androidx.window:window:1.0.0] AndroidManifest.xml:29:13-51
122            android:required="false" />
122-->[androidx.window:window:1.0.0] AndroidManifest.xml:30:13-37
123    </application>
124
125</manifest>